#
# A fatal error has been detected by the Java Runtime Environment:
#
#  Internal Error (t:/workspace/open/src/hotspot/share/utilities/constantTag.cpp:65), pid=9524, tid=6512
#  Error: ShouldNotReachHere()
#
# JRE version: Java(TM) SE Runtime Environment (11.0.1+13) (build 11.0.1+13-LTS)
# Java VM: Java HotSpot(TM) 64-Bit Server VM (11.0.1+13-LTS, mixed mode, tiered, compressed oops, g1 gc, windows-amd64)
# No core dump will be written. Minidumps are not enabled by default on client versions of Windows
#
# If you would like to submit a bug report, please visit:
#   http://bugreport.java.com/bugreport/crash.jsp
#

---------------  S U M M A R Y ------------

Command Line: -agentlib:jdwp=transport=dt_socket,suspend=y,address=localhost:50366 -javaagent:C:\Users\User\eclipse\java-2021-12\eclipse\configuration\org.eclipse.osgi\224\0\.cp\lib\javaagent-shaded.jar -Dfile.encoding=Cp1252 cursojava.classes.PrimeiraClasseJavaExecutavel

Host: Intel(R) Core(TM) i5-4590 CPU @ 3.30GHz, 4 cores, 7G,  Windows 10 , 64 bit Build 19041 (10.0.19041.1503)
Time: Mon Mar  7 12:27:42 2022 Hora oficial do Brasil elapsed time: 3648 seconds (0d 1h 0m 48s)

---------------  T H R E A D  ---------------

Current thread (0x00000154dfe99800):  VMThread "VM Thread" [stack: 0x00000008a4800000,0x00000008a4900000] [id=6512]

Stack: [0x00000008a4800000,0x00000008a4900000]
[error occurred during error reporting (printing stack bounds), id 0xc0000005, EXCEPTION_ACCESS_VIOLATION (0xc0000005) at pc=0x00000154c96d0bad]

Native frames: (J=compiled Java code, j=interpreted, Vv=VM code, C=native code)
V  [jvm.dll+0x63c21a]
V  [jvm.dll+0x7797df]
V  [jvm.dll+0x77adca]
V  [jvm.dll+0x77b3e5]
V  [jvm.dll+0x77b39b]
V  [jvm.dll+0x63b916]
V  [jvm.dll+0x63bce8]
C  [ntdll.dll+0xa20cf]
C  [ntdll.dll+0x51454]
C  [ntdll.dll+0xa0bfe]
C  0x00000154c96d0bad

VM_Operation (0x00000008a51ff6d0): GetOrSetLocal, mode: safepoint, requested by thread 0x00000154e0ab5800


---------------  P R O C E S S  ---------------

Threads class SMR info:
_java_thread_list=0x00000154e35244a0, length=16, elements={
0x00000154c1395000, 0x00000154dfec0800, 0x00000154dfecc000, 0x00000154dfede800,
0x00000154dfedf800, 0x00000154dfee3800, 0x00000154dfef0000, 0x00000154dfef5000,
0x00000154e09da800, 0x00000154e0ab5800, 0x00000154e0aba800, 0x00000154e0b62800,
0x00000154e0b09000, 0x00000154e0e2a000, 0x00000154e101f000, 0x00000154e38c1000
}

Java Threads: ( => current thread )
  0x00000154c1395000 JavaThread "main" [_thread_blocked, id=6560, stack(0x00000008a4200000,0x00000008a4300000)]
  0x00000154dfec0800 JavaThread "Reference Handler" daemon [_thread_blocked, id=5596, stack(0x00000008a4900000,0x00000008a4a00000)]
  0x00000154dfecc000 JavaThread "Finalizer" daemon [_thread_blocked, id=10292, stack(0x00000008a4a00000,0x00000008a4b00000)]
  0x00000154dfede800 JavaThread "Signal Dispatcher" daemon [_thread_blocked, id=6520, stack(0x00000008a4b00000,0x00000008a4c00000)]
  0x00000154dfedf800 JavaThread "Attach Listener" daemon [_thread_blocked, id=8448, stack(0x00000008a4c00000,0x00000008a4d00000)]
  0x00000154dfee3800 JavaThread "C2 CompilerThread0" daemon [_thread_blocked, id=8788, stack(0x00000008a4d00000,0x00000008a4e00000)]
  0x00000154dfef0000 JavaThread "C1 CompilerThread0" daemon [_thread_blocked, id=2564, stack(0x00000008a4e00000,0x00000008a4f00000)]
  0x00000154dfef5000 JavaThread "Sweeper thread" daemon [_thread_blocked, id=10752, stack(0x00000008a4f00000,0x00000008a5000000)]
  0x00000154e09da800 JavaThread "Common-Cleaner" daemon [_thread_blocked, id=9508, stack(0x00000008a5000000,0x00000008a5100000)]
  0x00000154e0ab5800 JavaThread "JDWP Transport Listener: dt_socket" daemon [_thread_blocked, id=7572, stack(0x00000008a5100000,0x00000008a5200000)] _threads_hazard_ptr=0x00000154e35244a0
  0x00000154e0aba800 JavaThread "JDWP Event Helper Thread" daemon [_thread_blocked, id=6780, stack(0x00000008a5200000,0x00000008a5300000)]
  0x00000154e0b62800 JavaThread "JDWP Command Reader" daemon [_thread_in_native, id=1396, stack(0x00000008a5300000,0x00000008a5400000)]
  0x00000154e0b09000 JavaThread "Service Thread" daemon [_thread_blocked, id=6260, stack(0x00000008a5400000,0x00000008a5500000)]
  0x00000154e0e2a000 JavaThread "Java2D Disposer" daemon [_thread_blocked, id=896, stack(0x00000008a5600000,0x00000008a5700000)]
  0x00000154e101f000 JavaThread "AWT-Windows" daemon [_thread_in_native, id=5556, stack(0x00000008a5800000,0x00000008a5900000)]
  0x00000154e38c1000 JavaThread "TimerQueue" daemon [_thread_blocked, id=6200, stack(0x00000008a6200000,0x00000008a6300000)]

Other Threads:
=>0x00000154dfe99800 VMThread "VM Thread" [stack: 0x00000008a4800000,0x00000008a4900000] [id=6512]
  0x00000154e0b93000 WatcherThread [stack: 0x00000008a5500000,0x00000008a5600000] [id=8672]
  0x00000154c13ac800 GCTaskThread "GC Thread#0" [stack: 0x00000008a4300000,0x00000008a4400000] [id=7476]
  0x00000154e142b000 GCTaskThread "GC Thread#1" [stack: 0x00000008a5b00000,0x00000008a5c00000] [id=8800]
  0x00000154e312b000 GCTaskThread "GC Thread#2" [stack: 0x00000008a5c00000,0x00000008a5d00000] [id=10324]
  0x00000154e13fb000 GCTaskThread "GC Thread#3" [stack: 0x00000008a5d00000,0x00000008a5e00000] [id=2316]
  0x00000154c13de000 ConcurrentGCThread "G1 Main Marker" [stack: 0x00000008a4400000,0x00000008a4500000] [id=9248]
  0x00000154c13e0000 ConcurrentGCThread "G1 Conc#0" [stack: 0x00000008a4500000,0x00000008a4600000] [id=1288]
  0x00000154c1472800 ConcurrentGCThread "G1 Refine#0" [stack: 0x00000008a4600000,0x00000008a4700000] [id=7372]
  0x00000154c1475800 ConcurrentGCThread "G1 Young RemSet Sampling" [stack: 0x00000008a4700000,0x00000008a4800000] [id=6684]

Threads with active compile tasks:

VM state:at safepoint (normal execution)

VM Mutex/Monitor currently owned by a thread:  ([mutex/lock_event])
[0x00000154c1394570] Threads_lock - owner thread: 0x00000154dfe99800

Heap address: 0x0000000081400000, size: 2028 MB, Compressed Oops mode: 32-bit
Narrow klass base: 0x0000000000000000, Narrow klass shift: 3
Compressed class space size: 1073741824 Address: 0x0000000100000000

Heap:
 garbage-first heap   total 131072K, used 10429K [0x0000000081400000, 0x0000000100000000)
  region size 1024K, 11 young (11264K), 2 survivors (2048K)
 Metaspace       used 18610K, capacity 19074K, committed 19328K, reserved 1067008K
  class space    used 1934K, capacity 2126K, committed 2176K, reserved 1048576K
Heap Regions: E=young(eden), S=young(survivor), O=old, HS=humongous(starts), HC=humongous(continues), CS=collection set, F=free, A=archive, TAMS=top-at-mark-start (previous, next)
|   0|0x0000000081400000, 0x000000008142f400, 0x0000000081500000| 18%| O|  |TAMS 0x0000000081400000, 0x0000000081400000| Untracked 
|   1|0x0000000081500000, 0x0000000081500000, 0x0000000081600000|  0%| F|  |TAMS 0x0000000081500000, 0x0000000081500000| Untracked 
|   2|0x0000000081600000, 0x0000000081600000, 0x0000000081700000|  0%| F|  |TAMS 0x0000000081600000, 0x0000000081600000| Untracked 
|   3|0x0000000081700000, 0x0000000081700000, 0x0000000081800000|  0%| F|  |TAMS 0x0000000081700000, 0x0000000081700000| Untracked 
|   4|0x0000000081800000, 0x0000000081800000, 0x0000000081900000|  0%| F|  |TAMS 0x0000000081800000, 0x0000000081800000| Untracked 
|   5|0x0000000081900000, 0x0000000081900000, 0x0000000081a00000|  0%| F|  |TAMS 0x0000000081900000, 0x0000000081900000| Untracked 
|   6|0x0000000081a00000, 0x0000000081a00000, 0x0000000081b00000|  0%| F|  |TAMS 0x0000000081a00000, 0x0000000081a00000| Untracked 
|   7|0x0000000081b00000, 0x0000000081b00000, 0x0000000081c00000|  0%| F|  |TAMS 0x0000000081b00000, 0x0000000081b00000| Untracked 
|   8|0x0000000081c00000, 0x0000000081c00000, 0x0000000081d00000|  0%| F|  |TAMS 0x0000000081c00000, 0x0000000081c00000| Untracked 
|   9|0x0000000081d00000, 0x0000000081d00000, 0x0000000081e00000|  0%| F|  |TAMS 0x0000000081d00000, 0x0000000081d00000| Untracked 
|  10|0x0000000081e00000, 0x0000000081e00000, 0x0000000081f00000|  0%| F|  |TAMS 0x0000000081e00000, 0x0000000081e00000| Untracked 
|  11|0x0000000081f00000, 0x0000000081f00000, 0x0000000082000000|  0%| F|  |TAMS 0x0000000081f00000, 0x0000000081f00000| Untracked 
|  12|0x0000000082000000, 0x0000000082000000, 0x0000000082100000|  0%| F|  |TAMS 0x0000000082000000, 0x0000000082000000| Untracked 
|  13|0x0000000082100000, 0x0000000082100000, 0x0000000082200000|  0%| F|  |TAMS 0x0000000082100000, 0x0000000082100000| Untracked 
|  14|0x0000000082200000, 0x0000000082200000, 0x0000000082300000|  0%| F|  |TAMS 0x0000000082200000, 0x0000000082200000| Untracked 
|  15|0x0000000082300000, 0x0000000082300000, 0x0000000082400000|  0%| F|  |TAMS 0x0000000082300000, 0x0000000082300000| Untracked 
|  16|0x0000000082400000, 0x0000000082400000, 0x0000000082500000|  0%| F|  |TAMS 0x0000000082400000, 0x0000000082400000| Untracked 
|  17|0x0000000082500000, 0x0000000082500000, 0x0000000082600000|  0%| F|  |TAMS 0x0000000082500000, 0x0000000082500000| Untracked 
|  18|0x0000000082600000, 0x0000000082600000, 0x0000000082700000|  0%| F|  |TAMS 0x0000000082600000, 0x0000000082600000| Untracked 
|  19|0x0000000082700000, 0x0000000082700000, 0x0000000082800000|  0%| F|  |TAMS 0x0000000082700000, 0x0000000082700000| Untracked 
|  20|0x0000000082800000, 0x0000000082800000, 0x0000000082900000|  0%| F|  |TAMS 0x0000000082800000, 0x0000000082800000| Untracked 
|  21|0x0000000082900000, 0x0000000082900000, 0x0000000082a00000|  0%| F|  |TAMS 0x0000000082900000, 0x0000000082900000| Untracked 
|  22|0x0000000082a00000, 0x0000000082a00000, 0x0000000082b00000|  0%| F|  |TAMS 0x0000000082a00000, 0x0000000082a00000| Untracked 
|  23|0x0000000082b00000, 0x0000000082b00000, 0x0000000082c00000|  0%| F|  |TAMS 0x0000000082b00000, 0x0000000082b00000| Untracked 
|  24|0x0000000082c00000, 0x0000000082c00000, 0x0000000082d00000|  0%| F|  |TAMS 0x0000000082c00000, 0x0000000082c00000| Untracked 
|  25|0x0000000082d00000, 0x0000000082d00000, 0x0000000082e00000|  0%| F|  |TAMS 0x0000000082d00000, 0x0000000082d00000| Untracked 
|  26|0x0000000082e00000, 0x0000000082e00000, 0x0000000082f00000|  0%| F|  |TAMS 0x0000000082e00000, 0x0000000082e00000| Untracked 
|  27|0x0000000082f00000, 0x0000000082f00000, 0x0000000083000000|  0%| F|  |TAMS 0x0000000082f00000, 0x0000000082f00000| Untracked 
|  28|0x0000000083000000, 0x0000000083000000, 0x0000000083100000|  0%| F|  |TAMS 0x0000000083000000, 0x0000000083000000| Untracked 
|  29|0x0000000083100000, 0x0000000083100000, 0x0000000083200000|  0%| F|  |TAMS 0x0000000083100000, 0x0000000083100000| Untracked 
|  30|0x0000000083200000, 0x0000000083200000, 0x0000000083300000|  0%| F|  |TAMS 0x0000000083200000, 0x0000000083200000| Untracked 
|  31|0x0000000083300000, 0x0000000083300000, 0x0000000083400000|  0%| F|  |TAMS 0x0000000083300000, 0x0000000083300000| Untracked 
|  32|0x0000000083400000, 0x0000000083400000, 0x0000000083500000|  0%| F|  |TAMS 0x0000000083400000, 0x0000000083400000| Untracked 
|  33|0x0000000083500000, 0x0000000083500000, 0x0000000083600000|  0%| F|  |TAMS 0x0000000083500000, 0x0000000083500000| Untracked 
|  34|0x0000000083600000, 0x0000000083600000, 0x0000000083700000|  0%| F|  |TAMS 0x0000000083600000, 0x0000000083600000| Untracked 
|  35|0x0000000083700000, 0x0000000083700000, 0x0000000083800000|  0%| F|  |TAMS 0x0000000083700000, 0x0000000083700000| Untracked 
|  36|0x0000000083800000, 0x0000000083800000, 0x0000000083900000|  0%| F|  |TAMS 0x0000000083800000, 0x0000000083800000| Untracked 
|  37|0x0000000083900000, 0x0000000083900000, 0x0000000083a00000|  0%| F|  |TAMS 0x0000000083900000, 0x0000000083900000| Untracked 
|  38|0x0000000083a00000, 0x0000000083a00000, 0x0000000083b00000|  0%| F|  |TAMS 0x0000000083a00000, 0x0000000083a00000| Untracked 
|  39|0x0000000083b00000, 0x0000000083b00000, 0x0000000083c00000|  0%| F|  |TAMS 0x0000000083b00000, 0x0000000083b00000| Untracked 
|  40|0x0000000083c00000, 0x0000000083c00000, 0x0000000083d00000|  0%| F|  |TAMS 0x0000000083c00000, 0x0000000083c00000| Untracked 
|  41|0x0000000083d00000, 0x0000000083d00000, 0x0000000083e00000|  0%| F|  |TAMS 0x0000000083d00000, 0x0000000083d00000| Untracked 
|  42|0x0000000083e00000, 0x0000000083e00000, 0x0000000083f00000|  0%| F|  |TAMS 0x0000000083e00000, 0x0000000083e00000| Untracked 
|  43|0x0000000083f00000, 0x0000000083f00000, 0x0000000084000000|  0%| F|  |TAMS 0x0000000083f00000, 0x0000000083f00000| Untracked 
|  44|0x0000000084000000, 0x0000000084000000, 0x0000000084100000|  0%| F|  |TAMS 0x0000000084000000, 0x0000000084000000| Untracked 
|  45|0x0000000084100000, 0x0000000084100000, 0x0000000084200000|  0%| F|  |TAMS 0x0000000084100000, 0x0000000084100000| Untracked 
|  46|0x0000000084200000, 0x0000000084200000, 0x0000000084300000|  0%| F|  |TAMS 0x0000000084200000, 0x0000000084200000| Untracked 
|  47|0x0000000084300000, 0x0000000084300000, 0x0000000084400000|  0%| F|  |TAMS 0x0000000084300000, 0x0000000084300000| Untracked 
|  48|0x0000000084400000, 0x0000000084400000, 0x0000000084500000|  0%| F|  |TAMS 0x0000000084400000, 0x0000000084400000| Untracked 
|  49|0x0000000084500000, 0x0000000084500000, 0x0000000084600000|  0%| F|  |TAMS 0x0000000084500000, 0x0000000084500000| Untracked 
|  50|0x0000000084600000, 0x0000000084600000, 0x0000000084700000|  0%| F|  |TAMS 0x0000000084600000, 0x0000000084600000| Untracked 
|  51|0x0000000084700000, 0x0000000084700000, 0x0000000084800000|  0%| F|  |TAMS 0x0000000084700000, 0x0000000084700000| Untracked 
|  52|0x0000000084800000, 0x0000000084800000, 0x0000000084900000|  0%| F|  |TAMS 0x0000000084800000, 0x0000000084800000| Untracked 
|  53|0x0000000084900000, 0x0000000084900000, 0x0000000084a00000|  0%| F|  |TAMS 0x0000000084900000, 0x0000000084900000| Untracked 
|  54|0x0000000084a00000, 0x0000000084a00000, 0x0000000084b00000|  0%| F|  |TAMS 0x0000000084a00000, 0x0000000084a00000| Untracked 
|  55|0x0000000084b00000, 0x0000000084b00000, 0x0000000084c00000|  0%| F|  |TAMS 0x0000000084b00000, 0x0000000084b00000| Untracked 
|  56|0x0000000084c00000, 0x0000000084c00000, 0x0000000084d00000|  0%| F|  |TAMS 0x0000000084c00000, 0x0000000084c00000| Untracked 
|  57|0x0000000084d00000, 0x0000000084d00000, 0x0000000084e00000|  0%| F|  |TAMS 0x0000000084d00000, 0x0000000084d00000| Untracked 
|  58|0x0000000084e00000, 0x0000000084e00000, 0x0000000084f00000|  0%| F|  |TAMS 0x0000000084e00000, 0x0000000084e00000| Untracked 
|  59|0x0000000084f00000, 0x0000000084f00000, 0x0000000085000000|  0%| F|  |TAMS 0x0000000084f00000, 0x0000000084f00000| Untracked 
|  60|0x0000000085000000, 0x0000000085000000, 0x0000000085100000|  0%| F|  |TAMS 0x0000000085000000, 0x0000000085000000| Untracked 
|  61|0x0000000085100000, 0x0000000085100000, 0x0000000085200000|  0%| F|  |TAMS 0x0000000085100000, 0x0000000085100000| Untracked 
|  62|0x0000000085200000, 0x0000000085200000, 0x0000000085300000|  0%| F|  |TAMS 0x0000000085200000, 0x0000000085200000| Untracked 
|  63|0x0000000085300000, 0x0000000085300000, 0x0000000085400000|  0%| F|  |TAMS 0x0000000085300000, 0x0000000085300000| Untracked 
|  64|0x0000000085400000, 0x0000000085400000, 0x0000000085500000|  0%| F|  |TAMS 0x0000000085400000, 0x0000000085400000| Untracked 
|  65|0x0000000085500000, 0x0000000085500000, 0x0000000085600000|  0%| F|  |TAMS 0x0000000085500000, 0x0000000085500000| Untracked 
|  66|0x0000000085600000, 0x0000000085600000, 0x0000000085700000|  0%| F|  |TAMS 0x0000000085600000, 0x0000000085600000| Untracked 
|  67|0x0000000085700000, 0x0000000085700000, 0x0000000085800000|  0%| F|  |TAMS 0x0000000085700000, 0x0000000085700000| Untracked 
|  68|0x0000000085800000, 0x0000000085800000, 0x0000000085900000|  0%| F|  |TAMS 0x0000000085800000, 0x0000000085800000| Untracked 
|  69|0x0000000085900000, 0x0000000085900000, 0x0000000085a00000|  0%| F|  |TAMS 0x0000000085900000, 0x0000000085900000| Untracked 
|  70|0x0000000085a00000, 0x0000000085a00000, 0x0000000085b00000|  0%| F|  |TAMS 0x0000000085a00000, 0x0000000085a00000| Untracked 
|  71|0x0000000085b00000, 0x0000000085b00000, 0x0000000085c00000|  0%| F|  |TAMS 0x0000000085b00000, 0x0000000085b00000| Untracked 
|  72|0x0000000085c00000, 0x0000000085c00000, 0x0000000085d00000|  0%| F|  |TAMS 0x0000000085c00000, 0x0000000085c00000| Untracked 
|  73|0x0000000085d00000, 0x0000000085d00000, 0x0000000085e00000|  0%| F|  |TAMS 0x0000000085d00000, 0x0000000085d00000| Untracked 
|  74|0x0000000085e00000, 0x0000000085e00000, 0x0000000085f00000|  0%| F|  |TAMS 0x0000000085e00000, 0x0000000085e00000| Untracked 
|  75|0x0000000085f00000, 0x0000000085f00000, 0x0000000086000000|  0%| F|  |TAMS 0x0000000085f00000, 0x0000000085f00000| Untracked 
|  76|0x0000000086000000, 0x0000000086000000, 0x0000000086100000|  0%| F|  |TAMS 0x0000000086000000, 0x0000000086000000| Untracked 
|  77|0x0000000086100000, 0x0000000086100000, 0x0000000086200000|  0%| F|  |TAMS 0x0000000086100000, 0x0000000086100000| Untracked 
|  78|0x0000000086200000, 0x0000000086200000, 0x0000000086300000|  0%| F|  |TAMS 0x0000000086200000, 0x0000000086200000| Untracked 
|  79|0x0000000086300000, 0x0000000086300000, 0x0000000086400000|  0%| F|  |TAMS 0x0000000086300000, 0x0000000086300000| Untracked 
|  80|0x0000000086400000, 0x0000000086400000, 0x0000000086500000|  0%| F|  |TAMS 0x0000000086400000, 0x0000000086400000| Untracked 
|  81|0x0000000086500000, 0x0000000086500000, 0x0000000086600000|  0%| F|  |TAMS 0x0000000086500000, 0x0000000086500000| Untracked 
|  82|0x0000000086600000, 0x0000000086600000, 0x0000000086700000|  0%| F|  |TAMS 0x0000000086600000, 0x0000000086600000| Untracked 
|  83|0x0000000086700000, 0x0000000086700000, 0x0000000086800000|  0%| F|  |TAMS 0x0000000086700000, 0x0000000086700000| Untracked 
|  84|0x0000000086800000, 0x0000000086800000, 0x0000000086900000|  0%| F|  |TAMS 0x0000000086800000, 0x0000000086800000| Untracked 
|  85|0x0000000086900000, 0x0000000086900000, 0x0000000086a00000|  0%| F|  |TAMS 0x0000000086900000, 0x0000000086900000| Untracked 
|  86|0x0000000086a00000, 0x0000000086a00000, 0x0000000086b00000|  0%| F|  |TAMS 0x0000000086a00000, 0x0000000086a00000| Untracked 
|  87|0x0000000086b00000, 0x0000000086b00000, 0x0000000086c00000|  0%| F|  |TAMS 0x0000000086b00000, 0x0000000086b00000| Untracked 
|  88|0x0000000086c00000, 0x0000000086c00000, 0x0000000086d00000|  0%| F|  |TAMS 0x0000000086c00000, 0x0000000086c00000| Untracked 
|  89|0x0000000086d00000, 0x0000000086d00000, 0x0000000086e00000|  0%| F|  |TAMS 0x0000000086d00000, 0x0000000086d00000| Untracked 
|  90|0x0000000086e00000, 0x0000000086e00000, 0x0000000086f00000|  0%| F|  |TAMS 0x0000000086e00000, 0x0000000086e00000| Untracked 
|  91|0x0000000086f00000, 0x0000000086f00000, 0x0000000087000000|  0%| F|  |TAMS 0x0000000086f00000, 0x0000000086f00000| Untracked 
|  92|0x0000000087000000, 0x0000000087000000, 0x0000000087100000|  0%| F|  |TAMS 0x0000000087000000, 0x0000000087000000| Untracked 
|  93|0x0000000087100000, 0x0000000087100000, 0x0000000087200000|  0%| F|  |TAMS 0x0000000087100000, 0x0000000087100000| Untracked 
|  94|0x0000000087200000, 0x0000000087200000, 0x0000000087300000|  0%| F|  |TAMS 0x0000000087200000, 0x0000000087200000| Untracked 
|  95|0x0000000087300000, 0x0000000087300000, 0x0000000087400000|  0%| F|  |TAMS 0x0000000087300000, 0x0000000087300000| Untracked 
|  96|0x0000000087400000, 0x0000000087400000, 0x0000000087500000|  0%| F|  |TAMS 0x0000000087400000, 0x0000000087400000| Untracked 
|  97|0x0000000087500000, 0x0000000087500000, 0x0000000087600000|  0%| F|  |TAMS 0x0000000087500000, 0x0000000087500000| Untracked 
|  98|0x0000000087600000, 0x0000000087600000, 0x0000000087700000|  0%| F|  |TAMS 0x0000000087600000, 0x0000000087600000| Untracked 
|  99|0x0000000087700000, 0x0000000087700000, 0x0000000087800000|  0%| F|  |TAMS 0x0000000087700000, 0x0000000087700000| Untracked 
| 100|0x0000000087800000, 0x0000000087800000, 0x0000000087900000|  0%| F|  |TAMS 0x0000000087800000, 0x0000000087800000| Untracked 
| 101|0x0000000087900000, 0x0000000087900000, 0x0000000087a00000|  0%| F|  |TAMS 0x0000000087900000, 0x0000000087900000| Untracked 
| 102|0x0000000087a00000, 0x0000000087a00000, 0x0000000087b00000|  0%| F|  |TAMS 0x0000000087a00000, 0x0000000087a00000| Untracked 
| 103|0x0000000087b00000, 0x0000000087b00000, 0x0000000087c00000|  0%| F|  |TAMS 0x0000000087b00000, 0x0000000087b00000| Untracked 
| 104|0x0000000087c00000, 0x0000000087c00000, 0x0000000087d00000|  0%| F|  |TAMS 0x0000000087c00000, 0x0000000087c00000| Untracked 
| 105|0x0000000087d00000, 0x0000000087d00000, 0x0000000087e00000|  0%| F|  |TAMS 0x0000000087d00000, 0x0000000087d00000| Untracked 
| 106|0x0000000087e00000, 0x0000000087e00000, 0x0000000087f00000|  0%| F|  |TAMS 0x0000000087e00000, 0x0000000087e00000| Untracked 
| 107|0x0000000087f00000, 0x0000000087f00000, 0x0000000088000000|  0%| F|  |TAMS 0x0000000087f00000, 0x0000000087f00000| Untracked 
| 108|0x0000000088000000, 0x0000000088000000, 0x0000000088100000|  0%| F|  |TAMS 0x0000000088000000, 0x0000000088000000| Untracked 
| 109|0x0000000088100000, 0x0000000088100000, 0x0000000088200000|  0%| F|  |TAMS 0x0000000088100000, 0x0000000088100000| Untracked 
| 110|0x0000000088200000, 0x0000000088200000, 0x0000000088300000|  0%| F|  |TAMS 0x0000000088200000, 0x0000000088200000| Untracked 
| 111|0x0000000088300000, 0x0000000088300000, 0x0000000088400000|  0%| F|  |TAMS 0x0000000088300000, 0x0000000088300000| Untracked 
| 112|0x0000000088400000, 0x0000000088500000, 0x0000000088500000|100%| S|CS|TAMS 0x0000000088400000, 0x0000000088400000| Complete 
| 113|0x0000000088500000, 0x0000000088600000, 0x0000000088600000|100%| S|CS|TAMS 0x0000000088500000, 0x0000000088500000| Complete 
| 114|0x0000000088600000, 0x0000000088600000, 0x0000000088700000|  0%| F|  |TAMS 0x0000000088600000, 0x0000000088600000| Untracked 
| 115|0x0000000088700000, 0x0000000088700000, 0x0000000088800000|  0%| F|  |TAMS 0x0000000088700000, 0x0000000088700000| Untracked 
| 116|0x0000000088800000, 0x0000000088800000, 0x0000000088900000|  0%| F|  |TAMS 0x0000000088800000, 0x0000000088800000| Untracked 
| 117|0x0000000088900000, 0x0000000088900000, 0x0000000088a00000|  0%| F|  |TAMS 0x0000000088900000, 0x0000000088900000| Untracked 
| 118|0x0000000088a00000, 0x0000000088a00000, 0x0000000088b00000|  0%| F|  |TAMS 0x0000000088a00000, 0x0000000088a00000| Untracked 
| 119|0x0000000088b00000, 0x0000000088b80800, 0x0000000088c00000| 50%| E|  |TAMS 0x0000000088b00000, 0x0000000088b00000| Complete 
| 120|0x0000000088c00000, 0x0000000088d00000, 0x0000000088d00000|100%| E|CS|TAMS 0x0000000088c00000, 0x0000000088c00000| Complete 
| 121|0x0000000088d00000, 0x0000000088e00000, 0x0000000088e00000|100%| E|CS|TAMS 0x0000000088d00000, 0x0000000088d00000| Complete 
| 122|0x0000000088e00000, 0x0000000088f00000, 0x0000000088f00000|100%| E|CS|TAMS 0x0000000088e00000, 0x0000000088e00000| Complete 
| 123|0x0000000088f00000, 0x0000000089000000, 0x0000000089000000|100%| E|CS|TAMS 0x0000000088f00000, 0x0000000088f00000| Complete 
| 124|0x0000000089000000, 0x0000000089100000, 0x0000000089100000|100%| E|CS|TAMS 0x0000000089000000, 0x0000000089000000| Complete 
| 125|0x0000000089100000, 0x0000000089200000, 0x0000000089200000|100%| E|CS|TAMS 0x0000000089100000, 0x0000000089100000| Complete 
| 126|0x0000000089200000, 0x0000000089300000, 0x0000000089300000|100%| E|CS|TAMS 0x0000000089200000, 0x0000000089200000| Complete 
| 127|0x0000000089300000, 0x0000000089400000, 0x0000000089400000|100%| E|CS|TAMS 0x0000000089300000, 0x0000000089300000| Complete 

Card table byte_map: [0x00000154d9110000,0x00000154d9510000] _byte_map_base: 0x00000154d8d06000

Marking Bits (Prev, Next): (CMBitMap*) 0x00000154c13d5128, (CMBitMap*) 0x00000154c13d5160
 Prev Bits: [0x00000154d9910000, 0x00000154db8c0000)
 Next Bits: [0x00000154db8c0000, 0x00000154dd870000)

Polling page: 0x00000154bf9e0000

Metaspace:

Usage:
  Non-class:     16.55 MB capacity,    16.29 MB ( 98%) used,   222.70 KB (  1%) free+waste,    49.38 KB ( <1%) overhead. 
      Class:      2.08 MB capacity,     1.89 MB ( 91%) used,   166.00 KB (  8%) free+waste,    25.13 KB (  1%) overhead. 
       Both:     18.63 MB capacity,    18.17 MB ( 98%) used,   388.70 KB (  2%) free+waste,    74.50 KB ( <1%) overhead. 

Virtual space:
  Non-class space:       18.00 MB reserved,      16.75 MB ( 93%) committed 
      Class space:        1.00 GB reserved,       2.13 MB ( <1%) committed 
             Both:        1.02 GB reserved,      18.88 MB (  2%) committed 

Chunk freelists:
   Non-Class:  1.50 KB
       Class:  2.25 KB
        Both:  3.75 KB

CodeHeap 'non-profiled nmethods': size=120064Kb used=592Kb max_used=592Kb free=119471Kb
 bounds [0x00000154d1190000, 0x00000154d1400000, 0x00000154d86d0000]
CodeHeap 'profiled nmethods': size=120000Kb used=3499Kb max_used=3510Kb free=116500Kb
 bounds [0x00000154c9c60000, 0x00000154c9fd0000, 0x00000154d1190000]
CodeHeap 'non-nmethods': size=5696Kb used=1307Kb max_used=1320Kb free=4388Kb
 bounds [0x00000154c96d0000, 0x00000154c9940000, 0x00000154c9c60000]
 total_blobs=2673 nmethods=1719 adapters=515
 compilation: enabled
              stopped_count=0, restarted_count=0
 full_count=0

Compilation events (10 events):
Event: 482.004 Thread 0x00000154dfef0000 nmethod 1821 0x00000154c9fcd710 code [0x00000154c9fcd8e0, 0x00000154c9fcdad0]
Event: 482.004 Thread 0x00000154dfef0000 1823       3       org.eclipse.jdt.launching.internal.org.objectweb.asm.ClassReader::readUtf (161 bytes)
Event: 482.015 Thread 0x00000154dfef0000 nmethod 1823 0x00000154c9fcdb90 code [0x00000154c9fcdda0, 0x00000154c9fce3e0]
Event: 482.015 Thread 0x00000154dfef0000 1822       3       org.eclipse.jdt.launching.internal.org.objectweb.asm.Symbol::<init> (38 bytes)
Event: 482.015 Thread 0x00000154dfef0000 nmethod 1822 0x00000154c9fce790 code [0x00000154c9fce960, 0x00000154c9fcec58]
Event: 482.015 Thread 0x00000154dfef0000 1824       3       org.eclipse.jdt.launching.internal.org.objectweb.asm.SymbolTable::add (39 bytes)
Event: 482.016 Thread 0x00000154dfef0000 nmethod 1824 0x00000154c9fced90 code [0x00000154c9fcef60, 0x00000154c9fcf2f8]
Event: 482.020 Thread 0x00000154dfee3800 nmethod 1820 0x00000154d1222810 code [0x00000154d12229c0, 0x00000154d1223078]
Event: 482.020 Thread 0x00000154dfee3800 1825       4       java.lang.StringBuilder::append (8 bytes)
Event: 482.026 Thread 0x00000154dfee3800 nmethod 1825 0x00000154d1223490 code [0x00000154d1223640, 0x00000154d1223d58]

GC Heap History (2 events):
Event: 0.881 GC heap before
{Heap before GC invocations=0 (full 0):
 garbage-first heap   total 131072K, used 14336K [0x0000000081400000, 0x0000000100000000)
  region size 1024K, 14 young (14336K), 0 survivors (0K)
 Metaspace       used 14322K, capacity 14724K, committed 14976K, reserved 1062912K
  class space    used 1426K, capacity 1617K, committed 1664K, reserved 1048576K
}
Event: 0.890 GC heap after
{Heap after GC invocations=1 (full 0):
 garbage-first heap   total 131072K, used 2237K [0x0000000081400000, 0x0000000100000000)
  region size 1024K, 2 young (2048K), 2 survivors (2048K)
 Metaspace       used 14322K, capacity 14724K, committed 14976K, reserved 1062912K
  class space    used 1426K, capacity 1617K, committed 1664K, reserved 1048576K
}

Deoptimization events (10 events):
Event: 0.952 Thread 0x00000154e101f000 Uncommon trap: reason=class_check action=maybe_recompile pc=0x00000154d11e6454 method=java.util.HashMap.putVal(ILjava/lang/Object;Ljava/lang/Object;ZZ)Ljava/lang/Object; @ 91 c2
Event: 0.952 Thread 0x00000154e101f000 Uncommon trap: reason=class_check action=maybe_recompile pc=0x00000154d11e6454 method=java.util.HashMap.putVal(ILjava/lang/Object;Ljava/lang/Object;ZZ)Ljava/lang/Object; @ 91 c2
Event: 1.010 Thread 0x00000154c1395000 Uncommon trap: reason=bimorphic_or_optimized_type_check action=maybe_recompile pc=0x00000154d11eaac4 method=java.util.HashMap.getNode(ILjava/lang/Object;)Ljava/util/HashMap$Node; @ 126 c2
Event: 1.012 Thread 0x00000154c1395000 Uncommon trap: reason=bimorphic_or_optimized_type_check action=maybe_recompile pc=0x00000154d11eaac4 method=java.util.HashMap.getNode(ILjava/lang/Object;)Ljava/util/HashMap$Node; @ 126 c2
Event: 3.657 Thread 0x00000154e0ee0000 Uncommon trap: reason=class_check action=maybe_recompile pc=0x00000154d119b7e0 method=java.lang.String.equals(Ljava/lang/Object;)Z @ 8 c2
Event: 3.657 Thread 0x00000154e0ee0000 Uncommon trap: reason=class_check action=maybe_recompile pc=0x00000154d119b7e0 method=java.lang.String.equals(Ljava/lang/Object;)Z @ 8 c2
Event: 3.928 Thread 0x00000154e0ee0000 Uncommon trap: reason=class_check action=maybe_recompile pc=0x00000154d119b7e0 method=java.lang.String.equals(Ljava/lang/Object;)Z @ 8 c2
Event: 3.928 Thread 0x00000154e0ee0000 Uncommon trap: reason=class_check action=maybe_recompile pc=0x00000154d119b7e0 method=java.lang.String.equals(Ljava/lang/Object;)Z @ 8 c2
Event: 40.482 Thread 0x00000154e101f000 Uncommon trap: reason=bimorphic_or_optimized_type_check action=maybe_recompile pc=0x00000154d11f3f18 method=java.util.HashMap.putVal(ILjava/lang/Object;Ljava/lang/Object;ZZ)Ljava/lang/Object; @ 56 c2
Event: 40.483 Thread 0x00000154e101f000 Uncommon trap: reason=bimorphic_or_optimized_type_check action=maybe_recompile pc=0x00000154d11f3f18 method=java.util.HashMap.putVal(ILjava/lang/Object;Ljava/lang/Object;ZZ)Ljava/lang/Object; @ 56 c2

Classes redefined (2 events):
Event: 482.013 Thread 0x00000154dfe99800 redefined class name=cursojava.classes.PrimeiraClasseJavaExecutavel, count=1
Event: 897.089 Thread 0x00000154dfe99800 redefined class name=cursojava.classes.PrimeiraClasseJavaExecutavel, count=2

Internal exceptions (10 events):
Event: 0.788 Thread 0x00000154c1395000 Exception <a 'java/lang/NoSuchMethodError'{0x0000000088afb3e0}: java.lang.invoke.DirectMethodHandle$Holder.invokeStatic(Ljava/lang/Object;ILjava/lang/Object;Ljava/lang/Object;Ljava/lang/Object;)Ljava/lang/Object;> (0x0000000088afb3e0) thrown at [t:/worksp
Event: 0.788 Thread 0x00000154c1395000 Exception <a 'java/lang/NoSuchMethodError'{0x0000000088afef20}: java.lang.invoke.DirectMethodHandle$Holder.invokeSpecial(Ljava/lang/Object;Ljava/lang/Object;ILjava/lang/Object;Ljava/lang/Object;Ljava/lang/Object;)Ljava/lang/Object;> (0x0000000088afef20) t
Event: 0.811 Thread 0x00000154c1395000 Exception <a 'java/lang/ClassNotFoundException'{0x00000000889f9508}: com/sun/swing/internal/plaf/metal/resources/spi/metalProvider> (0x00000000889f9508) thrown at [t:/workspace/open/src/hotspot/share/classfile/systemDictionary.cpp, line 231]
Event: 0.812 Thread 0x00000154c1395000 Exception <a 'java/lang/ClassNotFoundException'{0x00000000888002a8}: com/sun/swing/internal/plaf/basic/resources/spi/basicProvider> (0x00000000888002a8) thrown at [t:/workspace/open/src/hotspot/share/classfile/systemDictionary.cpp, line 231]
Event: 0.815 Thread 0x00000154c1395000 Exception <a 'java/lang/NoSuchMethodError'{0x000000008883bdd8}: java.lang.invoke.DirectMethodHandle$Holder.invokeStatic(Ljava/lang/Object;Ljava/lang/Object;Ljava/lang/Object;Ljava/lang/Object;Ljava/lang/Object;Ljava/lang/Object;Ljava/lang/Object;Ljava/lan
Event: 0.817 Thread 0x00000154c1395000 Exception <a 'java/lang/NoSuchMethodError'{0x000000008885aff0}: java.lang.invoke.DirectMethodHandle$Holder.invokeStatic(Ljava/lang/Object;Ljava/lang/Object;Ljava/lang/Object;Ljava/lang/Object;Ljava/lang/Object;Ljava/lang/Object;Ljava/lang/Object;Ljava/lan
Event: 0.818 Thread 0x00000154c1395000 Exception <a 'java/lang/NoSuchMethodError'{0x000000008887af10}: java.lang.invoke.DirectMethodHandle$Holder.invokeStatic(Ljava/lang/Object;Ljava/lang/Object;Ljava/lang/Object;Ljava/lang/Object;Ljava/lang/Object;Ljava/lang/Object;Ljava/lang/Object;Ljava/lan
Event: 0.821 Thread 0x00000154c1395000 Exception <a 'java/lang/NoSuchMethodError'{0x000000008889c870}: java.lang.invoke.DirectMethodHandle$Holder.invokeStatic(Ljava/lang/Object;Ljava/lang/Object;Ljava/lang/Object;Ljava/lang/Object;Ljava/lang/Object;Ljava/lang/Object;Ljava/lang/Object;Ljava/lan
Event: 0.969 Thread 0x00000154c1395000 Exception <a 'java/lang/NoSuchMethodError'{0x00000000890414b0}: java.lang.invoke.DirectMethodHandle$Holder.invokeStaticInit(Ljava/lang/Object;)V> (0x00000000890414b0) thrown at [t:/workspace/open/src/hotspot/share/interpreter/linkResolver.cpp, line 772]
Event: 0.976 Thread 0x00000154c1395000 Exception <a 'java/lang/NoSuchMethodError'{0x0000000089096a08}: java.lang.invoke.Invokers$Holder.linkToTargetMethod(Ljava/lang/Object;ILjava/lang/Object;)Ljava/lang/Object;> (0x0000000089096a08) thrown at [t:/workspace/open/src/hotspot/share/interpreter/l

Events (10 events):
Event: 897.132 Executing VM operation: GetOwnedMonitorInfo done
Event: 897.245 Executing VM operation: GetFrameCount
Event: 897.245 Executing VM operation: GetFrameCount done
Event: 897.245 Executing VM operation: GetOwnedMonitorInfo
Event: 897.245 Executing VM operation: GetOwnedMonitorInfo done
Event: 897.245 Executing VM operation: GetCurrentContendedMonitor
Event: 897.245 Executing VM operation: GetCurrentContendedMonitor done
Event: 3642.844 Executing VM operation: ChangeBreakpoints
Event: 3642.847 Executing VM operation: ChangeBreakpoints done
Event: 3648.861 Executing VM operation: GetOrSetLocal


Dynamic libraries:
0x00007ff767180000 - 0x00007ff7671c7000 	C:\Program Files\Java\jdk-11.0.1\bin\javaw.exe
0x00007ffc3ec90000 - 0x00007ffc3ee85000 	C:\WINDOWS\SYSTEM32\ntdll.dll
0x00007ffc3d0f0000 - 0x00007ffc3d1ae000 	C:\WINDOWS\System32\KERNEL32.DLL
0x00007ffc3c760000 - 0x00007ffc3ca28000 	C:\WINDOWS\System32\KERNELBASE.dll
0x00007ffc3d040000 - 0x00007ffc3d0ee000 	C:\WINDOWS\System32\ADVAPI32.dll
0x00007ffc3e050000 - 0x00007ffc3e0ee000 	C:\WINDOWS\System32\msvcrt.dll
0x00007ffc3d4a0000 - 0x00007ffc3d53c000 	C:\WINDOWS\System32\sechost.dll
0x00007ffc3d210000 - 0x00007ffc3d335000 	C:\WINDOWS\System32\RPCRT4.dll
0x00007ffc3e710000 - 0x00007ffc3e8b0000 	C:\WINDOWS\System32\USER32.dll
0x00007ffc3c5a0000 - 0x00007ffc3c5c2000 	C:\WINDOWS\System32\win32u.dll
0x00007ffc3d470000 - 0x00007ffc3d49b000 	C:\WINDOWS\System32\GDI32.dll
0x00007ffc3caa0000 - 0x00007ffc3cbad000 	C:\WINDOWS\System32\gdi32full.dll
0x00007ffc3c3a0000 - 0x00007ffc3c43d000 	C:\WINDOWS\System32\msvcp_win.dll
0x00007ffc3cbb0000 - 0x00007ffc3ccb0000 	C:\WINDOWS\System32\ucrtbase.dll
0x00007ffc338a0000 - 0x00007ffc33b3a000 	C:\WINDOWS\WinSxS\amd64_microsoft.windows.common-controls_6595b64144ccf1df_6.0.19041.1110_none_60b5254171f9507e\COMCTL32.dll
0x00007ffc36c00000 - 0x00007ffc36c0a000 	C:\WINDOWS\SYSTEM32\VERSION.dll
0x00007ffc3ec20000 - 0x00007ffc3ec50000 	C:\WINDOWS\System32\IMM32.DLL
0x00007ffc2be40000 - 0x00007ffc2be56000 	C:\Program Files\Java\jdk-11.0.1\bin\vcruntime140.dll
0x00007ffc28420000 - 0x00007ffc284ca000 	C:\Program Files\Java\jdk-11.0.1\bin\msvcp140.dll
0x00007ffbe00b0000 - 0x00007ffbe0bf2000 	C:\Program Files\Java\jdk-11.0.1\bin\server\jvm.dll
0x00007ffc3d670000 - 0x00007ffc3d678000 	C:\WINDOWS\System32\PSAPI.DLL
0x00007ffc2c170000 - 0x00007ffc2c179000 	C:\WINDOWS\SYSTEM32\WSOCK32.dll
0x00007ffc3ddd0000 - 0x00007ffc3de3b000 	C:\WINDOWS\System32\WS2_32.dll
0x00007ffc33b40000 - 0x00007ffc33b67000 	C:\WINDOWS\SYSTEM32\WINMM.dll
0x00007ffc3a1a0000 - 0x00007ffc3a1b2000 	C:\WINDOWS\SYSTEM32\kernel.appcore.dll
0x00007ffc1b510000 - 0x00007ffc1b521000 	C:\Program Files\Java\jdk-11.0.1\bin\verify.dll
0x00007ffc36990000 - 0x00007ffc36b74000 	C:\WINDOWS\SYSTEM32\DBGHELP.DLL
0x00007ffc36960000 - 0x00007ffc3698c000 	C:\WINDOWS\SYSTEM32\dbgcore.DLL
0x00007ffc3c6d0000 - 0x00007ffc3c752000 	C:\WINDOWS\System32\bcryptPrimitives.dll
0x00007ffc0e010000 - 0x00007ffc0e039000 	C:\Program Files\Java\jdk-11.0.1\bin\java.dll
0x00007ffc2be00000 - 0x00007ffc2be37000 	C:\Program Files\Java\jdk-11.0.1\bin\jdwp.dll
0x00007ffc2bc30000 - 0x00007ffc2bc5f000 	C:\Program Files\Java\jdk-11.0.1\bin\instrument.dll
0x00007ffc121f0000 - 0x00007ffc12206000 	C:\Program Files\Java\jdk-11.0.1\bin\zip.dll
0x00007ffc2be60000 - 0x00007ffc2be6a000 	C:\Program Files\Java\jdk-11.0.1\bin\jimage.dll
0x00007ffc3d680000 - 0x00007ffc3ddc4000 	C:\WINDOWS\System32\SHELL32.dll
0x00007ffc3a4b0000 - 0x00007ffc3ac44000 	C:\WINDOWS\SYSTEM32\windows.storage.dll
0x00007ffc3cce0000 - 0x00007ffc3d035000 	C:\WINDOWS\System32\combase.dll
0x00007ffc3bd20000 - 0x00007ffc3bd4e000 	C:\WINDOWS\SYSTEM32\Wldp.dll
0x00007ffc3e1c0000 - 0x00007ffc3e26d000 	C:\WINDOWS\System32\SHCORE.dll
0x00007ffc3d1b0000 - 0x00007ffc3d205000 	C:\WINDOWS\System32\shlwapi.dll
0x00007ffc3c2e0000 - 0x00007ffc3c2ff000 	C:\WINDOWS\SYSTEM32\profapi.dll
0x00007ffc33760000 - 0x00007ffc3376a000 	C:\Program Files\Java\jdk-11.0.1\bin\dt_socket.dll
0x00007ffc3ba80000 - 0x00007ffc3baea000 	C:\WINDOWS\System32\mswsock.dll
0x00007ffc3b7b0000 - 0x00007ffc3b87b000 	C:\WINDOWS\SYSTEM32\DNSAPI.dll
0x00007ffc3b770000 - 0x00007ffc3b7ab000 	C:\WINDOWS\SYSTEM32\IPHLPAPI.DLL
0x00007ffc3e960000 - 0x00007ffc3e968000 	C:\WINDOWS\System32\NSI.dll
0x00007ffc2dd30000 - 0x00007ffc2ddaf000 	C:\WINDOWS\System32\fwpuclnt.dll
0x00007ffc3ccb0000 - 0x00007ffc3ccd7000 	C:\WINDOWS\System32\bcrypt.dll
0x00007ffc2e9b0000 - 0x00007ffc2e9ba000 	C:\Windows\System32\rasadhlp.dll
0x00007ffc11fa0000 - 0x00007ffc11fb9000 	C:\Program Files\Java\jdk-11.0.1\bin\net.dll
0x00007ffc34e50000 - 0x00007ffc34f5c000 	C:\WINDOWS\SYSTEM32\WINHTTP.dll
0x00007ffc11870000 - 0x00007ffc11883000 	C:\Program Files\Java\jdk-11.0.1\bin\nio.dll
0x00007ffbe2d10000 - 0x00007ffbe2eaf000 	C:\Program Files\Java\jdk-11.0.1\bin\awt.dll
0x00007ffc3e0f0000 - 0x00007ffc3e1bd000 	C:\WINDOWS\System32\OLEAUT32.dll
0x00007ffc389e0000 - 0x00007ffc38fa0000 	C:\WINDOWS\SYSTEM32\d2d1.dll
0x00007ffc399a0000 - 0x00007ffc39a30000 	C:\WINDOWS\SYSTEM32\apphelp.dll
0x00007ffc3a0b0000 - 0x00007ffc3a14e000 	C:\WINDOWS\system32\uxtheme.dll
0x00007ffc3d350000 - 0x00007ffc3d466000 	C:\WINDOWS\System32\MSCTF.dll
0x00007ffc3d540000 - 0x00007ffc3d66a000 	C:\WINDOWS\System32\ole32.dll
0x00007ffc3a1c0000 - 0x00007ffc3a1ef000 	C:\WINDOWS\system32\DWMAPI.DLL
0x00007ffbfb5d0000 - 0x00007ffbfb650000 	C:\Program Files\Java\jdk-11.0.1\bin\freetype.dll
0x00007ffbfaf40000 - 0x00007ffbfafaf000 	C:\Program Files\Java\jdk-11.0.1\bin\fontmanager.dll
0x00007ffc177e0000 - 0x00007ffc17905000 	C:\WINDOWS\system32\opengl32.dll
0x00007ffc1d880000 - 0x00007ffc1d8ac000 	C:\WINDOWS\SYSTEM32\GLU32.dll
0x00007ffc3e8b0000 - 0x00007ffc3e959000 	C:\WINDOWS\System32\clbcatq.dll
0x00007ffc34590000 - 0x00007ffc34744000 	C:\WINDOWS\SYSTEM32\WindowsCodecs.dll
0x00007ffc19770000 - 0x00007ffc197ae000 	C:\WINDOWS\system32\dataexchange.dll
0x00007ffc38120000 - 0x00007ffc38384000 	C:\WINDOWS\system32\d3d11.dll
0x00007ffc387f0000 - 0x00007ffc389d5000 	C:\WINDOWS\system32\dcomp.dll
0x00007ffc3adb0000 - 0x00007ffc3aea4000 	C:\WINDOWS\system32\dxgi.dll
0x00007ffc33c20000 - 0x00007ffc33e21000 	C:\WINDOWS\system32\twinapi.appcore.dll
0x00007ffc2df10000 - 0x00007ffc2e009000 	C:\WINDOWS\SYSTEM32\textinputframework.dll
0x00007ffc394e0000 - 0x00007ffc3983e000 	C:\WINDOWS\System32\CoreUIComponents.dll
0x00007ffc39840000 - 0x00007ffc39932000 	C:\WINDOWS\System32\CoreMessaging.dll
0x00007ffc3b090000 - 0x00007ffc3b0c3000 	C:\WINDOWS\SYSTEM32\ntmarta.dll
0x00007ffc39380000 - 0x00007ffc394d4000 	C:\WINDOWS\SYSTEM32\wintypes.dll

dbghelp: loaded successfully - version: 4.0.5 - missing functions: none
symbol engine: initialized successfully - sym options: 0x614 - pdb path: .;C:\Program Files\Java\jdk-11.0.1\bin;C:\WINDOWS\SYSTEM32;C:\WINDOWS\WinSxS\amd64_microsoft.windows.common-controls_6595b64144ccf1df_6.0.19041.1110_none_60b5254171f9507e;C:\Program Files\Java\jdk-11.0.1\bin\server

VM Arguments:
jvm_args: -agentlib:jdwp=transport=dt_socket,suspend=y,address=localhost:50366 -javaagent:C:\Users\User\eclipse\java-2021-12\eclipse\configuration\org.eclipse.osgi\224\0\.cp\lib\javaagent-shaded.jar -Dfile.encoding=Cp1252 
java_command: cursojava.classes.PrimeiraClasseJavaExecutavel
java_class_path (initial): C:\Users\User\git\ExerciciosEmJava\Estudo\bin
Launcher Type: SUN_STANDARD

[Global flags]
     intx CICompilerCount                          = 3                                         {product} {ergonomic}
     uint ConcGCThreads                            = 1                                         {product} {ergonomic}
     uint G1ConcRefinementThreads                  = 4                                         {product} {ergonomic}
   size_t G1HeapRegionSize                         = 1048576                                   {product} {ergonomic}
    uintx GCDrainStackTargetSize                   = 64                                        {product} {ergonomic}
   size_t InitialHeapSize                          = 134217728                                 {product} {ergonomic}
   size_t MarkStackSize                            = 4194304                                   {product} {ergonomic}
   size_t MaxHeapSize                              = 2126512128                                {product} {ergonomic}
   size_t MaxNewSize                               = 1275068416                                {product} {ergonomic}
   size_t MinHeapDeltaBytes                        = 1048576                                   {product} {ergonomic}
    uintx NonNMethodCodeHeapSize                   = 5830092                                {pd product} {ergonomic}
    uintx NonProfiledCodeHeapSize                  = 122914074                              {pd product} {ergonomic}
    uintx ProfiledCodeHeapSize                     = 122914074                              {pd product} {ergonomic}
    uintx ReservedCodeCacheSize                    = 251658240                              {pd product} {ergonomic}
     bool SegmentedCodeCache                       = true                                      {product} {ergonomic}
     bool UseCompressedClassPointers               = true                                 {lp64_product} {ergonomic}
     bool UseCompressedOops                        = true                                 {lp64_product} {ergonomic}
     bool UseG1GC                                  = true                                      {product} {ergonomic}
     bool UseLargePagesIndividualAllocation        = false                                  {pd product} {ergonomic}

Logging:
Log output configuration:
 #0: stdout all=warning uptime,level,tags
 #1: stderr all=off uptime,level,tags

Environment Variables:
PATH=C:/Program Files/Java/jdk-11.0.1/bin/server;C:/Program Files/Java/jdk-11.0.1/bin;C:\Program Files (x86)\Common Files\Oracle\Java\javapath;C:\Program Files (x86)\Common Files\Intel\Shared Files\cpp\bin\Intel64;C:\WINDOWS\system32;C:\WINDOWS;C:\WINDOWS\System32\Wbem;C:\WINDOWS\System32\WindowsPowerShell\v1.0\;C:\WINDOWS\System32\OpenSSH\;C:\Program Files\nodejs\;C:\ProgramData\UNIVALI\Portugol Studio;C:\Program Files\Git\cmd;C:\Users\User\AppData\Local\Microsoft\WindowsApps;C:\Users\User\AppData\Local\Programs\Microsoft VS Code\bin;C:\Users\User\AppData\Roaming\npm;C:\Users\User\AppData\Local\GitHubDesktop\bin;C:\WINDOWS\System32;
USERNAME=User
OS=Windows_NT
PROCESSOR_IDENTIFIER=Intel64 Family 6 Model 60 Stepping 3, GenuineIntel



---------------  S Y S T E M  ---------------

OS: Windows 10 , 64 bit Build 19041 (10.0.19041.1503)

CPU:total 4 (initial active 4) (4 cores per cpu, 1 threads per core) family 6 model 60 stepping 3, cmov, cx8, fxsr, mmx, sse, sse2, sse3, ssse3, sse4.1, sse4.2, popcnt, avx, avx2, aes, clmul, erms, lzcnt, tsc, tscinvbit, bmi1, bmi2, fma

Memory: 4k page, system-wide physical 8110M (4211M free)
TotalPageFile size 9390M (AvailPageFile size 5012M)
current process WorkingSet (physical memory assigned to process): 76M, peak: 96M
current process commit charge ("private bytes"): 218M, peak: 235M

vm_info: Java HotSpot(TM) 64-Bit Server VM (11.0.1+13-LTS) for windows-amd64 JRE (11.0.1+13-LTS), built on Oct  6 2018 13:20:16 by "mach5one" with MS VC++ 15.5 (VS2017)

END.
